2020-04-15T19:28:48+00:00 CRITICAL Uncaught Error: Call to a member function get_currency_codes() on null in /Applications/MAMP/htdocs/macparts/wp-content/themes/porto/inc/functions/layout.php:228
Stack trace:
#0 /Applications/MAMP/htdocs/macparts/wp-content/themes/porto/header/header_1.php(11): porto_currency_switcher()
#1 /Applications/MAMP/htdocs/macparts/wp-includes/template.php(725): require('/Applications/M...')
#2 /Applications/MAMP/htdocs/macparts/wp-includes/template.php(672): load_template('/Applications/M...', false)
#3 /Applications/MAMP/htdocs/macparts/wp-includes/general-template.php(168): locate_template(Array, true, false)
#4 /Applications/MAMP/htdocs/macparts/wp-content/themes/porto/header/header.php(8): get_template_part('header/header_1')
#5 /Applications/MAMP/htdocs/macparts/wp-includes/template.php(725): require('/Applications/M...')
#6 /Applications/MAMP/htdocs/macparts/wp-includes/template.php(672): load_template('/Applications/M...', false)
#7 /Applications/MAMP/htdocs/macparts/wp-includes/general-template.php(168): loc in /Applications/MAMP/htdocs/macparts/wp-content/themes/porto/inc/functions/layout.php op de lijn 228

2020-04-15T19:28:53+00:00 CRITICAL Uncaught Error: Call to a member function get_currency_codes() on null in /Applications/MAMP/htdocs/macparts/wp-content/themes/porto/inc/functions/layout.php:228
Stack trace:
#0 /Applications/MAMP/htdocs/macparts/wp-content/themes/porto/header/header_1.php(11): porto_currency_switcher()
#1 /Applications/MAMP/htdocs/macparts/wp-includes/template.php(725): require('/Applications/M...')
#2 /Applications/MAMP/htdocs/macparts/wp-includes/template.php(672): load_template('/Applications/M...', false)
#3 /Applications/MAMP/htdocs/macparts/wp-includes/general-template.php(168): locate_template(Array, true, false)
#4 /Applications/MAMP/htdocs/macparts/wp-content/themes/porto/header/header.php(8): get_template_part('header/header_1')
#5 /Applications/MAMP/htdocs/macparts/wp-includes/template.php(725): require('/Applications/M...')
#6 /Applications/MAMP/htdocs/macparts/wp-includes/template.php(672): load_template('/Applications/M...', false)
#7 /Applications/MAMP/htdocs/macparts/wp-includes/general-template.php(168): loc in /Applications/MAMP/htdocs/macparts/wp-content/themes/porto/inc/functions/layout.php op de lijn 228

2020-04-15T19:29:36+00:00 CRITICAL Uncaught Error: Call to a member function get_currency_codes() on null in /Applications/MAMP/htdocs/macparts/wp-content/themes/porto/inc/functions/layout.php:228
Stack trace:
#0 /Applications/MAMP/htdocs/macparts/wp-content/themes/porto/header/header_1.php(11): porto_currency_switcher()
#1 /Applications/MAMP/htdocs/macparts/wp-includes/template.php(725): require('/Applications/M...')
#2 /Applications/MAMP/htdocs/macparts/wp-includes/template.php(672): load_template('/Applications/M...', false)
#3 /Applications/MAMP/htdocs/macparts/wp-includes/general-template.php(168): locate_template(Array, true, false)
#4 /Applications/MAMP/htdocs/macparts/wp-content/themes/porto/header/header.php(8): get_template_part('header/header_1')
#5 /Applications/MAMP/htdocs/macparts/wp-includes/template.php(725): require('/Applications/M...')
#6 /Applications/MAMP/htdocs/macparts/wp-includes/template.php(672): load_template('/Applications/M...', false)
#7 /Applications/MAMP/htdocs/macparts/wp-includes/general-template.php(168): loc in /Applications/MAMP/htdocs/macparts/wp-content/themes/porto/inc/functions/layout.php op de lijn 228

2020-04-15T19:29:38+00:00 CRITICAL Uncaught Error: Call to a member function get_currency_codes() on null in /Applications/MAMP/htdocs/macparts/wp-content/themes/porto/inc/functions/layout.php:228
Stack trace:
#0 /Applications/MAMP/htdocs/macparts/wp-content/themes/porto/header/header_1.php(11): porto_currency_switcher()
#1 /Applications/MAMP/htdocs/macparts/wp-includes/template.php(725): require('/Applications/M...')
#2 /Applications/MAMP/htdocs/macparts/wp-includes/template.php(672): load_template('/Applications/M...', false)
#3 /Applications/MAMP/htdocs/macparts/wp-includes/general-template.php(168): locate_template(Array, true, false)
#4 /Applications/MAMP/htdocs/macparts/wp-content/themes/porto/header/header.php(8): get_template_part('header/header_1')
#5 /Applications/MAMP/htdocs/macparts/wp-includes/template.php(725): require('/Applications/M...')
#6 /Applications/MAMP/htdocs/macparts/wp-includes/template.php(672): load_template('/Applications/M...', false)
#7 /Applications/MAMP/htdocs/macparts/wp-includes/general-template.php(168): loc in /Applications/MAMP/htdocs/macparts/wp-content/themes/porto/inc/functions/layout.php op de lijn 228

2020-04-15T19:32:39+00:00 CRITICAL Uncaught ArgumentCountError: Too few arguments to function WCML_WC_Strings::filter_woocommerce_breadcrumbs(), 1 passed in /Applications/MAMP/htdocs/macparts/wp-includes/class-wp-hook.php on line 287 and exactly 2 expected in /Applications/MAMP/htdocs/macparts/wp-content/plugins/woocommerce-multilingual/inc/class-wcml-wc-strings.php:381
Stack trace:
#0 /Applications/MAMP/htdocs/macparts/wp-includes/class-wp-hook.php(287): WCML_WC_Strings->filter_woocommerce_breadcrumbs(Array)
#1 /Applications/MAMP/htdocs/macparts/wp-includes/plugin.php(206): WP_Hook->apply_filters(Array, Array)
#2 /Applications/MAMP/htdocs/macparts/wp-content/themes/porto/inc/functions/layout/breadcrumbs.php(143): apply_filters('woocommerce_get...', Array)
#3 /Applications/MAMP/htdocs/macparts/wp-content/themes/porto/page_header/page_header_6.php(34): porto_breadcrumbs()
#4 /Applications/MAMP/htdocs/macparts/wp-includes/template.php(725): require('/Applications/M...')
#5 /Applications/MAMP/htdocs/macparts/wp-includes/template.php(672): load_te in /Applications/MAMP/htdocs/macparts/wp-content/plugins/woocommerce-multilingual/inc/class-wcml-wc-strings.php op de lijn 381

2020-04-15T19:32:44+00:00 CRITICAL Uncaught ArgumentCountError: Too few arguments to function WCML_WC_Strings::filter_woocommerce_breadcrumbs(), 1 passed in /Applications/MAMP/htdocs/macparts/wp-includes/class-wp-hook.php on line 287 and exactly 2 expected in /Applications/MAMP/htdocs/macparts/wp-content/plugins/woocommerce-multilingual/inc/class-wcml-wc-strings.php:381
Stack trace:
#0 /Applications/MAMP/htdocs/macparts/wp-includes/class-wp-hook.php(287): WCML_WC_Strings->filter_woocommerce_breadcrumbs(Array)
#1 /Applications/MAMP/htdocs/macparts/wp-includes/plugin.php(206): WP_Hook->apply_filters(Array, Array)
#2 /Applications/MAMP/htdocs/macparts/wp-content/themes/porto/inc/functions/layout/breadcrumbs.php(143): apply_filters('woocommerce_get...', Array)
#3 /Applications/MAMP/htdocs/macparts/wp-content/themes/porto/page_header/page_header_6.php(34): porto_breadcrumbs()
#4 /Applications/MAMP/htdocs/macparts/wp-includes/template.php(725): require('/Applications/M...')
#5 /Applications/MAMP/htdocs/macparts/wp-includes/template.php(672): load_te in /Applications/MAMP/htdocs/macparts/wp-content/plugins/woocommerce-multilingual/inc/class-wcml-wc-strings.php op de lijn 381

2020-04-15T19:36:14+00:00 CRITICAL Uncaught Error: Call to a member function get_currency_codes() on null in /Applications/MAMP/htdocs/macparts/wp-content/themes/porto/inc/functions/layout.php:228
Stack trace:
#0 /Applications/MAMP/htdocs/macparts/wp-content/themes/porto/header/header_1.php(11): porto_currency_switcher()
#1 /Applications/MAMP/htdocs/macparts/wp-includes/template.php(725): require('/Applications/M...')
#2 /Applications/MAMP/htdocs/macparts/wp-includes/template.php(672): load_template('/Applications/M...', false)
#3 /Applications/MAMP/htdocs/macparts/wp-includes/general-template.php(168): locate_template(Array, true, false)
#4 /Applications/MAMP/htdocs/macparts/wp-content/themes/porto/header/header.php(8): get_template_part('header/header_1')
#5 /Applications/MAMP/htdocs/macparts/wp-includes/template.php(725): require('/Applications/M...')
#6 /Applications/MAMP/htdocs/macparts/wp-includes/template.php(672): load_template('/Applications/M...', false)
#7 /Applications/MAMP/htdocs/macparts/wp-includes/general-template.php(168): loc in /Applications/MAMP/htdocs/macparts/wp-content/themes/porto/inc/functions/layout.php op de lijn 228

